<?xml version="1.0" encoding="UTF-8"?>
<!-- Generated by org.testng.reporters.JUnitXMLReporter -->
<testsuite ignored="3" hostname="USVAWXMCSNP012" failures="1" tests="3" name="Test1" time="0.066" errors="0" timestamp="11 Jul 2022 15:58:32 GMT">
  <testcase classname="com.test.tests.GroupTest" name="dev1" time="0.013"/>
  <testcase classname="com.test.tests.GroupTest" name="dev2" time="0.004">
    <failure type="java.lang.AssertionError" message="expected [false] but found [true]">
      <![CDATA[java.lang.AssertionError: expected [false] but found [true]
at com.test.tests.GroupTest.dev2(GroupTest.java:33)
... Removed 31 stack frames]]>
    </failure>
  </testcase> <!-- dev2 -->
  <testcase classname="com.test.tests.GroupTest" name="dev3" time="0.0">
    <skipped/>
  </testcase> <!-- dev3 -->
  <testcase classname="com.test.tests.GroupTest" name="test2" time="0.0">
    <ignored/>
  </testcase> <!-- test2 -->
  <testcase classname="com.test.tests.GroupTest" name="test3" time="0.0">
    <ignored/>
  </testcase> <!-- test3 -->
  <testcase classname="com.test.tests.GroupTest" name="test1" time="0.0">
    <ignored/>
  </testcase> <!-- test1 -->
</testsuite> <!-- Test1 -->
